SF:lib/src/unix_single_instance_base.dart
DA:12,0
DA:14,0
DA:15,0
DA:16,0
DA:17,0
DA:18,0
DA:19,0
DA:32,1
DA:34,1
DA:37,1
DA:39,1
DA:59,1
DA:67,1
DA:70,0
DA:71,2
DA:72,1
DA:74,1
DA:75,1
DA:76,1
DA:78,0
DA:81,1
DA:84,0
DA:85,0
DA:87,1
DA:91,1
DA:94,0
DA:98,0
DA:100,1
DA:106,1
DA:109,1
DA:110,1
DA:112,1
DA:114,0
DA:117,0
DA:118,1
DA:119,2
DA:120,0
DA:122,0
DA:131,1
DA:134,1
DA:135,2
DA:136,1
DA:140,0
DA:141,0
DA:150,1
DA:154,0
DA:156,1
DA:158,0
DA:160,2
DA:162,0
DA:163,0
DA:166,1
DA:167,2
DA:168,2
DA:171,0
DA:174,2
DA:175,1
DA:177,0
LF:58
LH:33
end_of_record
